<?xml version="1.0" encoding="UTF-8"?>
<testng-results skipped="0" failed="0" ignored="0" total="1" passed="1">
  <reporter-output>
  </reporter-output>
  <suite name="Suite" duration-ms="726" started-at="2022-03-16T15:23:23 IST" finished-at="2022-03-16T15:23:24 IST">
    <groups>
    </groups>
    <test name="Test" duration-ms="726" started-at="2022-03-16T15:23:23 IST" finished-at="2022-03-16T15:23:24 IST">
      <class name="test.report">
        <test-method status="PASS" signature="learnreports()[pri:0, instance:test.report@4e9ba398]" name="learnreports" duration-ms="682" started-at="2022-03-16T15:23:23 IST" finished-at="2022-03-16T15:23:24 IST">
          <reporter-output>
          </reporter-output>
        </test-method> <!-- learnreports -->
      </class> <!-- test.report -->
    </test> <!-- Test -->
  </suite> <!-- Suite -->
</testng-results>
