<?xml version="1.0" encoding="UTF-8"?>
<testng-results skipped="0" failed="0" ignored="0" total="1" passed="1">
  <reporter-output>
  </reporter-output>
  <suite name="Default suite" duration-ms="1494" started-at="2022-03-12T18:51:33 IST" finished-at="2022-03-12T18:51:35 IST">
    <groups>
    </groups>
    <test name="Default test" duration-ms="1494" started-at="2022-03-12T18:51:33 IST" finished-at="2022-03-12T18:51:35 IST">
      <class name="test.report">
        <test-method status="PASS" signature="learnreports()[pri:0, instance:test.report@167fdd33]" name="learnreports" duration-ms="1454" started-at="2022-03-12T18:51:33 IST" finished-at="2022-03-12T18:51:35 IST">
          <reporter-output>
          </reporter-output>
        </test-method> <!-- learnreports -->
      </class> <!-- test.report -->
    </test> <!-- Default test -->
  </suite> <!-- Default suite -->
</testng-results>
